<?xml version="1.0" encoding="UTF-8"?>
<testsuite xmlns:xsi="http://www.w3.org/2001/XMLSchema-instance" xsi:noNamespaceSchemaLocation="https://maven.apache.org/surefire/maven-surefire-plugin/xsd/surefire-test-report-3.0.xsd" version="3.0" name="com.yourcompany.multitenant.MultitenantApplicationTests" time="9.372" tests="1" errors="0" skipped="0" failures="0">
  <properties>
[...]
</properties>
  <testcase name="contextLoads" classname="com.yourcompany.multitenant.MultitenantApplicationTests" time="0.765">
    <system-out><![CDATA[19:05:12.237 [main] INFO org.springframework.test.context.support.AnnotationConfigContextLoaderUtils -- Could not detect default configuration classes for test class [com.yourcompany.multitenant.MultitenantApplicationTests]: MultitenantApplicationTests does not declare any static, non-private, non-final, nested classes annotated with @Configuration.
19:05:12.425 [main] INFO org.springframework.boot.test.context.SpringBootTestContextBootstrapper -- Found @SpringBootConfiguration com.yourcompany.multitenant.MultitenantApplication for test class com.yourcompany.multitenant.MultitenantApplicationTests

  .   ____          _            __ _ _
 /\\ / ___'_ __ _ _(_)_ __  __ _ \ \ \ \
( ( )\___ | '_ | '_| | '_ \/ _` | \ \ \ \
 \\/  ___)| |_)| | | | | || (_| |  ) ) ) )
  '  |____| .__|_| |_|_| |_\__, | / / / /
 =========|_|==============|___/=/_/_/_/
 :: Spring Boot ::                (v3.1.5)

2025-11-16T19:05:12.955+05:30  WARN 12452 --- [           main] ory$DuplicateJsonObjectContextCustomizer : 

Found multiple occurrences of org.json.JSONObject on the class path:

	jar:file:/C:/Users/miniOrange/.m2/repository/org/json/json/20231013/json-20231013.jar!/org/json/JSONObject.class
	jar:file:/C:/Users/miniOrange/.m2/repository/com/vaadin/external/google/android-json/0.0.20131108.vaadin1/android-json-0.0.20131108.vaadin1.jar!/org/json/JSONObject.class

You may wish to exclude one of them to ensure predictable runtime behavior

2025-11-16T19:05:12.975+05:30  INFO 12452 --- [           main] c.y.m.MultitenantApplicationTests        : Starting MultitenantApplicationTests using Java 17.0.16 with PID 12452 (started by miniOrange in C:\Users\miniOrange\Desktop\appsar\Sargod\multitenant)
2025-11-16T19:05:12.976+05:30  INFO 12452 --- [           main] c.y.m.MultitenantApplicationTests        : No active profile set, falling back to 1 default profile: "default"
2025-11-16T19:05:14.088+05:30  INFO 12452 --- [           main] .s.d.r.c.RepositoryConfigurationDelegate : Bootstrapping Spring Data JPA repositories in DEFAULT mode.
2025-11-16T19:05:14.249+05:30  INFO 12452 --- [           main] .s.d.r.c.RepositoryConfigurationDelegate : Finished Spring Data repository scanning in 151 ms. Found 3 JPA repository interfaces.
2025-11-16T19:05:15.127+05:30  INFO 12452 --- [           main] o.f.c.internal.license.VersionPrinter    : Flyway Community Edition 9.16.3 by Redgate
2025-11-16T19:05:15.128+05:30  INFO 12452 --- [           main] o.f.c.internal.license.VersionPrinter    : See release notes here: https://rd.gt/416ObMi
2025-11-16T19:05:15.128+05:30  INFO 12452 --- [           main] o.f.c.internal.license.VersionPrinter    : 
2025-11-16T19:05:15.159+05:30  INFO 12452 --- [           main] com.zaxxer.hikari.HikariDataSource       : HikariPool-1 - Starting...
2025-11-16T19:05:15.374+05:30  INFO 12452 --- [           main] com.zaxxer.hikari.pool.HikariPool        : HikariPool-1 - Added connection org.postgresql.jdbc.PgConnection@183fc2fa
2025-11-16T19:05:15.380+05:30  INFO 12452 --- [           main] com.zaxxer.hikari.HikariDataSource       : HikariPool-1 - Start completed.
2025-11-16T19:05:15.408+05:30  INFO 12452 --- [           main] o.f.c.i.database.base.BaseDatabaseType   : Database: jdbc:postgresql://localhost:5432/newdb (PostgreSQL 14.19)
2025-11-16T19:05:15.507+05:30  INFO 12452 --- [           main] o.f.core.internal.command.DbValidate     : Successfully validated 3 migrations (execution time 00:00.063s)
2025-11-16T19:05:15.591+05:30  INFO 12452 --- [           main] o.f.core.internal.command.DbMigrate      : Current version of schema "public": 3
2025-11-16T19:05:15.592+05:30  INFO 12452 --- [           main] o.f.core.internal.command.DbMigrate      : Schema "public" is up to date. No migration necessary.
2025-11-16T19:05:16.242+05:30  INFO 12452 --- [           main] o.hibernate.jpa.internal.util.LogHelper  : HHH000204: Processing PersistenceUnitInfo [name: default]
2025-11-16T19:05:16.468+05:30  INFO 12452 --- [           main] org.hibernate.Version                    : HHH000412: Hibernate ORM core version 6.2.13.Final
2025-11-16T19:05:16.483+05:30  INFO 12452 --- [           main] org.hibernate.cfg.Environment            : HHH000406: Using bytecode reflection optimizer
2025-11-16T19:05:17.303+05:30  INFO 12452 --- [           main] o.s.o.j.p.SpringPersistenceUnitInfo      : No LoadTimeWeaver setup: ignoring JPA class transformer
2025-11-16T19:05:17.542+05:30  WARN 12452 --- [           main] org.hibernate.orm.deprecation            : HHH90000025: PostgreSQLDialect does not need to be specified explicitly using 'hibernate.dialect' (remove the property setting and it will be selected by default)
2025-11-16T19:05:18.651+05:30  INFO 12452 --- [           main] o.h.e.t.j.p.i.JtaPlatformInitiator       : HHH000489: No JTA platform available (set 'hibernate.transaction.jta.platform' to enable JTA platform integration)
2025-11-16T19:05:18.798+05:30  INFO 12452 --- [           main] j.LocalContainerEntityManagerFactoryBean : Initialized JPA EntityManagerFactory for persistence unit 'default'
2025-11-16T19:05:19.683+05:30  WARN 12452 --- [           main] JpaBaseConfiguration$JpaWebConfiguration : spring.jpa.open-in-view is enabled by default. Therefore, database queries may be performed during view rendering. Explicitly configure spring.jpa.open-in-view to disable this warning
2025-11-16T19:05:19.844+05:30  INFO 12452 --- [           main] o.s.s.web.DefaultSecurityFilterChain     : Will secure any request with [org.springframework.security.web.session.DisableEncodeUrlFilter@25d87313, org.springframework.security.web.context.request.async.WebAsyncManagerIntegrationFilter@3c130cb2, org.springframework.security.web.context.SecurityContextHolderFilter@70fe33fa, org.springframework.security.web.header.HeaderWriterFilter@3b171fbd, org.springframework.security.web.authentication.logout.LogoutFilter@59301546, com.yourcompany.multitenant.security.JwtAuthenticationFilter@5e75cf7a, org.springframework.security.web.savedrequest.RequestCacheAwareFilter@796a7c9, org.springframework.security.web.servletapi.SecurityContextHolderAwareRequestFilter@452a32f2, org.springframework.security.web.authentication.AnonymousAuthenticationFilter@73502d5e, org.springframework.security.web.session.SessionManagementFilter@5263f554, org.springframework.security.web.access.ExceptionTranslationFilter@7d086485, org.springframework.security.web.access.intercept.AuthorizationFilter@64dfa1a3]
2025-11-16T19:05:20.627+05:30  INFO 12452 --- [           main] c.y.m.MultitenantApplicationTests        : Started MultitenantApplicationTests in 8.017 seconds (process running for 9.431)
]]></system-out>
  </testcase>
</testsuite>